2026-04-19 16:48:49 [restartedMain] INFO  t.e.campushub.CampushubApplication - Starting CampushubApplication using Java 17.0.12 with PID 14628 (C:\Users\dell\Documents\2eme-annee\s2\CampusHub\backend\campushub\target\classes started by dell in C:\Users\dell\Documents\2eme-annee\s2\CampusHub\backend)
2026-04-19 16:48:49 [restartedMain] DEBUG t.e.campushub.CampushubApplication - Running with Spring Boot v3.2.5, Spring v6.1.6
2026-04-19 16:48:49 [restartedMain] INFO  t.e.campushub.CampushubApplication - No active profile set, falling back to 1 default profile: "default"
2026-04-19 16:48:49 [restartedMain] INFO  o.s.b.d.e.DevToolsPropertyDefaultsPostProcessor - Devtools property defaults active! Set 'spring.devtools.add-properties' to 'false' to disable
2026-04-19 16:48:49 [restartedMain] INFO  o.s.b.d.e.DevToolsPropertyDefaultsPostProcessor - For additional web related logging consider setting the 'logging.level.web' property to 'DEBUG'
2026-04-19 16:48:51 [restartedMain] INFO  o.s.d.r.c.RepositoryConfigurationDelegate - Bootstrapping Spring Data JPA repositories in DEFAULT mode.
2026-04-19 16:48:51 [restartedMain] INFO  o.s.d.r.c.RepositoryConfigurationDelegate - Finished Spring Data repository scanning in 117 ms. Found 5 JPA repository interfaces.
2026-04-19 16:48:52 [restartedMain] INFO  o.s.b.w.e.tomcat.TomcatWebServer - Tomcat initialized with port 8081 (http)
2026-04-19 16:48:52 [restartedMain] INFO  o.a.catalina.core.StandardService - Starting service [Tomcat]
2026-04-19 16:48:52 [restartedMain] INFO  o.a.catalina.core.StandardEngine - Starting Servlet engine: [Apache Tomcat/10.1.20]
2026-04-19 16:48:52 [restartedMain] INFO  o.a.c.c.C.[Tomcat].[localhost].[/] - Initializing Spring embedded WebApplicationContext
2026-04-19 16:48:52 [restartedMain] INFO  o.s.b.w.s.c.ServletWebServerApplicationContext - Root WebApplicationContext: initialization completed in 2424 ms
2026-04-19 16:48:52 [restartedMain] INFO  o.h.jpa.internal.util.LogHelper - HHH000204: Processing PersistenceUnitInfo [name: default]
2026-04-19 16:48:52 [restartedMain] INFO  org.hibernate.Version - HHH000412: Hibernate ORM core version 6.4.4.Final
2026-04-19 16:48:52 [restartedMain] INFO  o.h.c.i.RegionFactoryInitiator - HHH000026: Second-level cache disabled
2026-04-19 16:48:53 [restartedMain] INFO  o.s.o.j.p.SpringPersistenceUnitInfo - No LoadTimeWeaver setup: ignoring JPA class transformer
2026-04-19 16:48:53 [restartedMain] INFO  com.zaxxer.hikari.HikariDataSource - HikariPool-1 - Starting...
2026-04-19 16:48:56 [restartedMain] INFO  com.zaxxer.hikari.pool.HikariPool - HikariPool-1 - Added connection org.postgresql.jdbc.PgConnection@4c547a76
2026-04-19 16:48:56 [restartedMain] INFO  com.zaxxer.hikari.HikariDataSource - HikariPool-1 - Start completed.
2026-04-19 16:48:56 [restartedMain] WARN  org.hibernate.orm.deprecation - HHH90000025: PostgreSQLDialect does not need to be specified explicitly using 'hibernate.dialect' (remove the property setting and it will be selected by default)
2026-04-19 16:48:57 [restartedMain] INFO  o.h.e.t.j.p.i.JtaPlatformInitiator - HHH000489: No JTA platform available (set 'hibernate.transaction.jta.platform' to enable JTA platform integration)
2026-04-19 16:48:57 [restartedMain] DEBUG org.hibernate.SQL - 
    alter table if exists demandes_documents 
       drop constraint if exists FKlgwr4r3qewjp47fxihkl424kw
2026-04-19 16:48:58 [restartedMain] DEBUG org.hibernate.SQL - 
    alter table if exists evenements 
       drop constraint if exists FKagpicvosgoiu78fpgetfxbstf
2026-04-19 16:48:58 [restartedMain] DEBUG org.hibernate.SQL - 
    alter table if exists reservations 
       drop constraint if exists FK1493g8mbd97uyl4eojskpag8i
2026-04-19 16:48:58 [restartedMain] DEBUG org.hibernate.SQL - 
    alter table if exists reservations 
       drop constraint if exists FK11c2598mdsm9g395pl5ubdvi3
2026-04-19 16:48:58 [restartedMain] DEBUG org.hibernate.SQL - 
    alter table if exists salle_equipements 
       drop constraint if exists FK16mjv18ki1mc8y6h27d40voq7
2026-04-19 16:48:59 [restartedMain] DEBUG org.hibernate.SQL - 
    drop table if exists demandes_documents cascade
2026-04-19 16:48:59 [restartedMain] DEBUG org.hibernate.SQL - 
    drop table if exists evenements cascade
2026-04-19 16:48:59 [restartedMain] DEBUG org.hibernate.SQL - 
    drop table if exists reservations cascade
2026-04-19 16:48:59 [restartedMain] DEBUG org.hibernate.SQL - 
    drop table if exists salle_equipements cascade
2026-04-19 16:49:00 [restartedMain] DEBUG org.hibernate.SQL - 
    drop table if exists salles cascade
2026-04-19 16:49:00 [restartedMain] DEBUG org.hibernate.SQL - 
    drop table if exists users cascade
2026-04-19 16:49:00 [restartedMain] DEBUG org.hibernate.SQL - 
    create table demandes_documents (
        date_demande timestamp(6),
        demandeur_id bigint not null,
        id bigserial not null,
        commentaire_admin TEXT,
        statut varchar(255) check (statut in ('EN_ATTENTE','EN_COURS','PRET','REJETE','RECUPERE')),
        type_document varchar(255) not null check (type_document in ('CERTIFICAT_SCOLARITE','RELEVE_NOTES','ATTESTATION_PRESENCE','CARTE_ETUDIANT','AUTRE')),
        primary key (id)
    )
2026-04-19 16:49:00 [restartedMain] DEBUG org.hibernate.SQL - 
    create table evenements (
        nb_participants_max integer,
        created_at timestamp(6),
        date_debut timestamp(6) not null,
        date_fin timestamp(6) not null,
        id bigserial not null,
        organisateur_id bigint,
        description TEXT,
        image_url varchar(255),
        lieu varchar(255),
        statut varchar(255) check (statut in ('OUVERT','PLEIN','ANNULE','TERMINE')),
        titre varchar(255) not null,
        primary key (id)
    )
2026-04-19 16:49:01 [restartedMain] DEBUG org.hibernate.SQL - 
    create table reservations (
        nombre_participants integer,
        created_at timestamp(6),
        date_debut timestamp(6) not null,
        date_fin timestamp(6) not null,
        enseignant_id bigint not null,
        id bigserial not null,
        salle_id bigint not null,
        updated_at timestamp(6),
        motif varchar(500) not null,
        commentaire_admin varchar(1000),
        statut varchar(255) not null check (statut in ('EN_ATTENTE','APPROUVEE','REJETEE')),
        primary key (id)
    )
2026-04-19 16:49:01 [restartedMain] DEBUG org.hibernate.SQL - 
    create table salle_equipements (
        salle_id bigint not null,
        equipement varchar(255)
    )
2026-04-19 16:49:01 [restartedMain] DEBUG org.hibernate.SQL - 
    create table salles (
        capacite integer not null,
        disponible boolean not null,
        etage integer not null,
        id bigserial not null,
        batiment varchar(255) not null,
        image_url varchar(255),
        nom varchar(255) not null unique,
        primary key (id)
    )
2026-04-19 16:49:02 [restartedMain] DEBUG org.hibernate.SQL - 
    create table users (
        created_at timestamp(6),
        id bigserial not null,
        updated_at timestamp(6),
        avatar varchar(255),
        departement varchar(255),
        email varchar(255) not null unique,
        nom varchar(255) not null,
        password varchar(255) not null,
        prenom varchar(255) not null,
        role varchar(255) not null check (role in ('ETUDIANT','ENSEIGNANT','ADMIN','RESPONSABLE_CLUB')),
        primary key (id)
    )
2026-04-19 16:49:03 [restartedMain] DEBUG org.hibernate.SQL - 
    alter table if exists demandes_documents 
       add constraint FKlgwr4r3qewjp47fxihkl424kw 
       foreign key (demandeur_id) 
       references users
2026-04-19 16:49:03 [restartedMain] DEBUG org.hibernate.SQL - 
    alter table if exists evenements 
       add constraint FKagpicvosgoiu78fpgetfxbstf 
       foreign key (organisateur_id) 
       references users
2026-04-19 16:49:03 [restartedMain] DEBUG org.hibernate.SQL - 
    alter table if exists reservations 
       add constraint FK1493g8mbd97uyl4eojskpag8i 
       foreign key (enseignant_id) 
       references users
2026-04-19 16:49:03 [restartedMain] DEBUG org.hibernate.SQL - 
    alter table if exists reservations 
       add constraint FK11c2598mdsm9g395pl5ubdvi3 
       foreign key (salle_id) 
       references salles
2026-04-19 16:49:03 [restartedMain] DEBUG org.hibernate.SQL - 
    alter table if exists salle_equipements 
       add constraint FK16mjv18ki1mc8y6h27d40voq7 
       foreign key (salle_id) 
       references salles
2026-04-19 16:49:03 [restartedMain] INFO  o.s.o.j.LocalContainerEntityManagerFactoryBean - Initialized JPA EntityManagerFactory for persistence unit 'default'
2026-04-19 16:49:04 [restartedMain] INFO  o.s.d.j.r.query.QueryEnhancerFactory - Hibernate is in classpath; If applicable, HQL parser will be used.
2026-04-19 16:49:04 [restartedMain] WARN  o.s.b.a.o.j.JpaBaseConfiguration$JpaWebConfiguration - spring.jpa.open-in-view is enabled by default. Therefore, database queries may be performed during view rendering. Explicitly configure spring.jpa.open-in-view to disable this warning
2026-04-19 16:49:04 [restartedMain] WARN  o.s.b.a.s.s.UserDetailsServiceAutoConfiguration - 

Using generated security password: eaf834d3-4671-4ef2-be03-207bf8f4b9cd

This generated password is for development use only. Your security configuration must be updated before running your application in production.

2026-04-19 16:49:05 [restartedMain] INFO  o.s.s.web.DefaultSecurityFilterChain - Will secure any request with [org.springframework.security.web.session.DisableEncodeUrlFilter@6cc788c5, org.springframework.security.web.context.request.async.WebAsyncManagerIntegrationFilter@82cdb78, org.springframework.security.web.context.SecurityContextHolderFilter@567f9c84, org.springframework.security.web.header.HeaderWriterFilter@7d8873d2, org.springframework.web.filter.CorsFilter@28760e73, org.springframework.security.web.authentication.logout.LogoutFilter@3572fadd, org.springframework.security.web.savedrequest.RequestCacheAwareFilter@54689fbf, org.springframework.security.web.servletapi.SecurityContextHolderAwareRequestFilter@17352ece, org.springframework.security.web.authentication.AnonymousAuthenticationFilter@2337a1a0, org.springframework.security.web.access.ExceptionTranslationFilter@248d0cf2, org.springframework.security.web.access.intercept.AuthorizationFilter@47046164]
2026-04-19 16:49:05 [restartedMain] INFO  o.s.b.d.a.OptionalLiveReloadServer - LiveReload server is running on port 35729
2026-04-19 16:49:05 [restartedMain] WARN  o.s.b.w.s.c.AnnotationConfigServletWebServerApplicationContext - Exception encountered during context initialization - cancelling refresh attempt: org.springframework.context.ApplicationContextException: Failed to start bean 'webServerStartStop'
2026-04-19 16:49:05 [restartedMain] INFO  o.s.o.j.LocalContainerEntityManagerFactoryBean - Closing JPA EntityManagerFactory for persistence unit 'default'
2026-04-19 16:49:05 [restartedMain] INFO  com.zaxxer.hikari.HikariDataSource - HikariPool-1 - Shutdown initiated...
2026-04-19 16:49:06 [restartedMain] INFO  com.zaxxer.hikari.HikariDataSource - HikariPool-1 - Shutdown completed.
2026-04-19 16:49:06 [restartedMain] INFO  o.s.b.a.l.ConditionEvaluationReportLogger - 

Error starting ApplicationContext. To display the condition evaluation report re-run your application with 'debug' enabled.
2026-04-19 16:49:06 [restartedMain] ERROR o.s.b.d.LoggingFailureAnalysisReporter - 

***************************
APPLICATION FAILED TO START
***************************

Description:

Web server failed to start. Port 8081 was already in use.

Action:

Identify and stop the process that's listening on port 8081 or configure this application to listen on another port.

